2024-02-04 05:35:27.738 [info] Log level: Info
2024-02-04 05:35:27.739 [info] Validating found git in: "git"
2024-02-04 05:35:27.739 [info] Using git "2.34.1" from "git"
2024-02-04 05:35:27.739 [info] > git rev-parse --show-toplevel [1ms]
2024-02-04 05:35:27.739 [info] > git rev-parse --git-dir --git-common-dir [1ms]
2024-02-04 05:35:27.739 [info] Open repository: /home/s3yannick
2024-02-04 05:35:27.739 [info] > git config --get commit.template [5ms]
2024-02-04 05:35:27.739 [info] > git rev-parse --show-toplevel [2ms]
2024-02-04 05:35:27.739 [info] > git for-each-ref --format=%(refname)%00%(upstream:short)%00%(objectname)%00%(upstream:track)%00%(upstream:remotename)%00%(upstream:remoteref) refs/heads/s3yannick refs/remotes/s3yannick [6ms]
2024-02-04 05:35:27.739 [info] > git rev-parse --show-toplevel [1ms]
2024-02-04 05:35:27.739 [info] > git rev-parse --show-toplevel [7ms]
2024-02-04 05:35:27.739 [info] > git rev-parse --show-toplevel [14ms]
2024-02-04 05:35:27.739 [info] > git rev-parse --show-toplevel [1ms]
2024-02-04 05:35:27.739 [info] > git rev-parse --show-toplevel [1ms]
2024-02-04 05:35:27.739 [info] > git rev-parse --git-dir --git-common-dir [1ms]
2024-02-04 05:35:27.739 [info] Open repository: /home/s3yannick/git
2024-02-04 05:35:27.739 [info] > git config --get commit.template [6ms]
2024-02-04 05:35:27.739 [info] > git rev-parse --show-toplevel [3ms]
2024-02-04 05:35:27.739 [info] No remotes found in the git config file.
2024-02-04 05:35:27.739 [info] > git for-each-ref --format=%(refname)%00%(upstream:short)%00%(objectname)%00%(upstream:track)%00%(upstream:remotename)%00%(upstream:remoteref) refs/heads/project-espresso refs/remotes/project-espresso [7ms]
2024-02-04 05:35:27.739 [info] > git rev-parse --show-toplevel [7ms]
2024-02-04 05:35:27.739 [info] > git status -z -uall [11ms]
2024-02-04 05:35:27.739 [info] > git rev-parse --git-dir --git-common-dir [2ms]
2024-02-04 05:35:27.739 [info] Open repository: /home/s3yannick/project
2024-02-04 05:35:27.739 [info] > git rev-parse --show-toplevel [6ms]
2024-02-04 05:35:27.739 [info] > git config --get commit.template [13ms]
2024-02-04 05:35:27.739 [info] > git config --get commit.template [7ms]
2024-02-04 05:35:27.739 [info] No remotes found in the git config file.
2024-02-04 05:35:27.739 [info] > git for-each-ref --format=%(refname)%00%(upstream:short)%00%(objectname)%00%(upstream:track)%00%(upstream:remotename)%00%(upstream:remoteref) refs/heads/project-espresso refs/remotes/project-espresso [23ms]
2024-02-04 05:35:27.739 [info] > git for-each-ref --format=%(refname)%00%(upstream:short)%00%(objectname)%00%(upstream:track)%00%(upstream:remotename)%00%(upstream:remoteref) refs/heads/s3yannick refs/remotes/s3yannick [34ms]
2024-02-04 05:35:27.739 [info] > git rev-parse --show-toplevel [45ms]
2024-02-04 05:35:27.739 [info] > git status -z -uall [12ms]
2024-02-04 05:35:27.739 [info] > git status -z -uall [6ms]
2024-02-04 05:35:27.739 [info] > git rev-parse --show-toplevel [4ms]
2024-02-04 05:35:27.739 [info] > git rev-parse --show-toplevel [8ms]
2024-02-04 05:35:27.739 [info] > git config --get commit.template [3ms]
2024-02-04 05:35:27.739 [info] > git rev-parse --show-toplevel [7ms]
2024-02-04 05:35:27.739 [info] > git for-each-ref --format=%(refname)%00%(upstream:short)%00%(objectname)%00%(upstream:track)%00%(upstream:remotename)%00%(upstream:remoteref) refs/heads/s3yannick refs/remotes/s3yannick [4ms]
2024-02-04 05:35:27.739 [info] > git status -z -uall [8ms]
2024-02-04 05:35:27.740 [info] > git rev-parse --show-toplevel [7ms]
2024-02-04 05:35:27.791 [info] > git rev-parse --show-toplevel [44ms]
2024-02-04 05:35:27.806 [info] > git rev-parse --show-toplevel [7ms]
2024-02-04 05:35:27.813 [info] > git rev-parse --show-toplevel [1ms]
2024-02-04 05:35:27.819 [info] > git rev-parse --show-toplevel [2ms]
2024-02-04 05:35:27.843 [info] > git rev-parse --show-toplevel [19ms]
2024-02-04 05:35:28.366 [info] > git check-ignore -v -z --stdin [7ms]
2024-02-04 05:35:29.216 [info] > git status -z -uall [1724ms]
2024-02-04 05:35:29.241 [info] > git config --get commit.template [7ms]
2024-02-04 05:35:29.249 [info] > git for-each-ref --format=%(refname)%00%(upstream:short)%00%(objectname)%00%(upstream:track)%00%(upstream:remotename)%00%(upstream:remoteref) refs/heads/s3yannick refs/remotes/s3yannick [1ms]
2024-02-04 05:35:29.302 [info] > git show --textconv :s3yannick-espresso-shop-product-catalog/values.yaml [8ms]
2024-02-04 05:35:29.304 [info] > git ls-files --stage -- /home/s3yannick/s3yannick-espresso-shop-product-catalog/values.yaml [3ms]
2024-02-04 05:35:30.879 [info] > git status -z -uall [1624ms]
2024-02-04 05:35:31.465 [info] > git check-ignore -v -z --stdin [2ms]
2024-02-04 05:35:32.567 [info] > git check-ignore -v -z --stdin [3ms]
2024-02-04 05:35:33.139 [info] > git check-ignore -v -z --stdin [13ms]
2024-02-04 05:35:33.140 [info] > git check-ignore -v -z --stdin [8ms]
2024-02-04 05:35:33.141 [info] > git check-ignore -v -z --stdin [3ms]
2024-02-04 05:35:47.426 [info] > git check-ignore -v -z --stdin [2ms]
2024-02-04 05:35:57.300 [info] > git check-ignore -v -z --stdin [3ms]
