2024-01-28 00:26:23.190 [info] Log level: Info
2024-01-28 00:26:23.190 [info] Validating found git in: "git"
2024-01-28 00:26:23.190 [info] Using git "2.34.1" from "git"
2024-01-28 00:26:23.190 [info] > git rev-parse --show-toplevel [3ms]
2024-01-28 00:26:23.190 [info] fatal: not a git repository (or any of the parent directories): .git
2024-01-28 00:26:23.190 [info] > git rev-parse --show-toplevel [7ms]
2024-01-28 00:26:23.190 [info] fatal: not a git repository (or any of the parent directories): .git
2024-01-28 00:26:23.190 [info] > git rev-parse --show-toplevel [2ms]
2024-01-28 00:26:23.190 [info] fatal: not a git repository (or any of the parent directories): .git
2024-01-28 00:26:23.190 [info] > git rev-parse --show-toplevel [2ms]
2024-01-28 00:26:23.190 [info] fatal: not a git repository (or any of the parent directories): .git
2024-01-28 00:26:23.441 [info] > git rev-parse --show-toplevel [1ms]
2024-01-28 00:26:23.441 [info] fatal: not a git repository (or any of the parent directories): .git
2024-01-28 00:26:23.879 [info] > git rev-parse --show-toplevel [8ms]
2024-01-28 00:26:23.879 [info] fatal: not a git repository (or any of the parent directories): .git
2024-01-28 00:26:24.773 [info] > git rev-parse --show-toplevel [2ms]
2024-01-28 00:26:24.773 [info] fatal: not a git repository (or any of the parent directories): .git
2024-01-28 00:26:25.032 [info] > git rev-parse --show-toplevel [3ms]
2024-01-28 00:26:25.032 [info] fatal: not a git repository (or any of the parent directories): .git
2024-01-28 00:26:25.357 [info] > git rev-parse --show-toplevel [1ms]
2024-01-28 00:26:25.357 [info] fatal: not a git repository (or any of the parent directories): .git
2024-01-28 00:26:25.626 [info] > git rev-parse --show-toplevel [2ms]
2024-01-28 00:26:25.626 [info] fatal: not a git repository (or any of the parent directories): .git
2024-01-28 00:26:25.699 [info] > git rev-parse --show-toplevel [2ms]
2024-01-28 00:26:25.699 [info] fatal: not a git repository (or any of the parent directories): .git
2024-01-28 00:26:25.738 [info] > git rev-parse --show-toplevel [10ms]
2024-01-28 00:26:25.738 [info] fatal: not a git repository (or any of the parent directories): .git
2024-01-28 00:26:25.746 [info] > git rev-parse --show-toplevel [2ms]
2024-01-28 00:26:25.746 [info] fatal: not a git repository (or any of the parent directories): .git
