2024-02-01 00:43:47.085 [info] Log level: Info
2024-02-01 00:43:47.085 [info] Validating found git in: "git"
2024-02-01 00:43:47.085 [info] Using git "2.34.1" from "git"
2024-02-01 00:43:47.085 [info] > git rev-parse --show-toplevel [2ms]
2024-02-01 00:43:47.085 [info] > git rev-parse --git-dir --git-common-dir [7ms]
2024-02-01 00:43:47.085 [info] Open repository: /home/s3yannick/project
2024-02-01 00:43:47.085 [info] > git rev-parse --show-toplevel [9ms]
2024-02-01 00:43:47.085 [info] > git config --get commit.template [13ms]
2024-02-01 00:43:47.085 [info] > git for-each-ref --format=%(refname)%00%(upstream:short)%00%(objectname)%00%(upstream:track)%00%(upstream:remotename)%00%(upstream:remoteref) refs/heads/s3yannick refs/remotes/s3yannick [1ms]
2024-02-01 00:43:47.085 [info] > git status -z -uall [6ms]
2024-02-01 00:43:47.085 [info] > git config --get commit.template [6ms]
2024-02-01 00:43:47.085 [info] > git for-each-ref --format=%(refname)%00%(upstream:short)%00%(objectname)%00%(upstream:track)%00%(upstream:remotename)%00%(upstream:remoteref) refs/heads/s3yannick refs/remotes/s3yannick [2ms]
2024-02-01 00:43:47.085 [info] > git status -z -uall [2ms]
2024-02-01 00:43:47.804 [info] > git check-ignore -v -z --stdin [1ms]
2024-02-01 00:43:55.263 [info] > git show --textconv :shop-web/deployment.yaml [7ms]
2024-02-01 00:43:55.264 [info] > git ls-files --stage -- /home/s3yannick/project/shop-web/deployment.yaml [3ms]
2024-02-01 00:43:55.270 [info] > git cat-file -s d2b45559b7de1797b238c274ee619fe56be0af7a [1ms]
2024-02-01 03:24:05.501 [info] > git config --get commit.template [6ms]
2024-02-01 03:24:05.501 [info] > git for-each-ref --format=%(refname)%00%(upstream:short)%00%(objectname)%00%(upstream:track)%00%(upstream:remotename)%00%(upstream:remoteref) refs/heads/s3yannick refs/remotes/s3yannick [2ms]
2024-02-01 03:24:05.507 [info] > git status -z -uall [1ms]
2024-02-01 03:24:05.537 [info] > git ls-files --stage -- /home/s3yannick/project/shop-web/deployment.yaml [2ms]
2024-02-01 03:24:05.544 [info] > git cat-file -s d2b45559b7de1797b238c274ee619fe56be0af7a [3ms]
2024-02-01 03:24:05.580 [info] > git show --textconv :shop-web/deployment.yaml [2ms]
2024-02-01 03:46:04.037 [info] > git config --get commit.template [6ms]
2024-02-01 03:46:04.037 [info] > git for-each-ref --format=%(refname)%00%(upstream:short)%00%(objectname)%00%(upstream:track)%00%(upstream:remotename)%00%(upstream:remoteref) refs/heads/s3yannick refs/remotes/s3yannick [1ms]
2024-02-01 03:46:04.044 [info] > git status -z -uall [2ms]
