2024-01-28 00:26:25.914 [info] Log level: Info
2024-01-28 00:26:25.914 [info] Validating found git in: "git"
2024-01-28 00:26:25.914 [info] Using git "2.34.1" from "git"
2024-01-28 00:26:25.914 [info] > git rev-parse --show-toplevel [2ms]
2024-01-28 00:26:25.914 [info] fatal: not a git repository (or any of the parent directories): .git
2024-01-28 00:26:25.914 [info] > git rev-parse --show-toplevel [2ms]
2024-01-28 00:26:25.914 [info] fatal: not a git repository (or any of the parent directories): .git
2024-01-28 00:26:25.914 [info] > git rev-parse --show-toplevel [1ms]
2024-01-28 00:26:25.914 [info] fatal: not a git repository (or any of the parent directories): .git
2024-01-28 00:26:25.914 [info] > git rev-parse --show-toplevel [1ms]
2024-01-28 00:26:25.914 [info] fatal: not a git repository (or any of the parent directories): .git
2024-01-28 00:26:25.914 [info] > git rev-parse --show-toplevel [2ms]
2024-01-28 00:26:25.914 [info] fatal: not a git repository (or any of the parent directories): .git
2024-01-28 00:26:25.914 [info] > git rev-parse --show-toplevel [2ms]
2024-01-28 00:26:25.914 [info] fatal: not a git repository (or any of the parent directories): .git
2024-01-28 00:26:25.914 [info] > git rev-parse --show-toplevel [3ms]
2024-01-28 00:26:25.914 [info] fatal: not a git repository (or any of the parent directories): .git
2024-01-28 00:26:25.914 [info] > git rev-parse --show-toplevel [1ms]
2024-01-28 00:26:25.914 [info] fatal: not a git repository (or any of the parent directories): .git
2024-01-28 00:26:25.914 [info] > git rev-parse --show-toplevel [1ms]
2024-01-28 00:26:25.914 [info] fatal: not a git repository (or any of the parent directories): .git
2024-01-28 00:26:25.914 [info] > git rev-parse --show-toplevel [1ms]
2024-01-28 00:26:25.914 [info] fatal: not a git repository (or any of the parent directories): .git
2024-01-28 00:26:25.914 [info] > git rev-parse --show-toplevel [1ms]
2024-01-28 00:26:25.914 [info] fatal: not a git repository (or any of the parent directories): .git
2024-01-28 00:26:25.914 [info] > git rev-parse --show-toplevel [1ms]
2024-01-28 00:26:25.914 [info] fatal: not a git repository (or any of the parent directories): .git
2024-01-28 00:26:25.914 [info] > git rev-parse --show-toplevel [1ms]
2024-01-28 00:26:25.914 [info] fatal: not a git repository (or any of the parent directories): .git
2024-01-28 00:32:41.738 [info] > git rev-parse --show-toplevel [1ms]
2024-01-28 00:32:41.738 [info] fatal: not a git repository (or any of the parent directories): .git
2024-01-28 00:34:20.753 [info] > git rev-parse --show-toplevel [1ms]
2024-01-28 00:34:20.753 [info] fatal: not a git repository (or any of the parent directories): .git
2024-01-28 00:34:20.759 [info] > git rev-parse --show-toplevel [1ms]
2024-01-28 00:34:20.759 [info] fatal: not a git repository (or any of the parent directories): .git
2024-01-28 00:35:10.379 [info] > git rev-parse --show-toplevel [1ms]
2024-01-28 00:35:10.379 [info] fatal: not a git repository (or any of the parent directories): .git
2024-01-28 00:35:19.551 [info] > git rev-parse --show-toplevel [1ms]
2024-01-28 00:35:19.551 [info] fatal: not a git repository (or any of the parent directories): .git
2024-01-28 00:35:31.723 [info] > git rev-parse --show-toplevel [1ms]
2024-01-28 00:35:31.723 [info] fatal: not a git repository (or any of the parent directories): .git
2024-01-28 00:35:52.393 [info] > git rev-parse --show-toplevel [1ms]
2024-01-28 00:35:52.393 [info] fatal: not a git repository (or any of the parent directories): .git
2024-01-28 00:36:06.850 [info] > git rev-parse --show-toplevel [1ms]
2024-01-28 00:36:06.850 [info] fatal: not a git repository (or any of the parent directories): .git
2024-01-28 00:36:36.530 [info] > git rev-parse --show-toplevel [1ms]
2024-01-28 00:36:36.530 [info] fatal: not a git repository (or any of the parent directories): .git
2024-01-28 00:36:54.681 [info] > git rev-parse --show-toplevel [1ms]
2024-01-28 00:36:54.681 [info] fatal: not a git repository (or any of the parent directories): .git
2024-01-28 00:37:08.107 [info] > git rev-parse --show-toplevel [2ms]
2024-01-28 00:37:08.107 [info] fatal: not a git repository (or any of the parent directories): .git
2024-01-28 00:37:08.184 [info] > git rev-parse --show-toplevel [1ms]
2024-01-28 00:37:08.184 [info] fatal: not a git repository (or any of the parent directories): .git
