2024-02-01 01:10:48.380 [info] Log level: Info
2024-02-01 01:10:48.380 [info] Validating found git in: "git"
2024-02-01 01:10:48.380 [info] Using git "2.34.1" from "git"
2024-02-01 01:10:48.380 [info] > git rev-parse --show-toplevel [2ms]
2024-02-01 01:10:48.380 [info] fatal: not a git repository (or any of the parent directories): .git
2024-02-01 01:10:48.380 [info] > git rev-parse --show-toplevel [2ms]
2024-02-01 01:10:48.380 [info] fatal: not a git repository (or any of the parent directories): .git
2024-02-01 01:10:48.380 [info] > git rev-parse --show-toplevel [1ms]
2024-02-01 01:10:48.380 [info] fatal: not a git repository (or any of the parent directories): .git
2024-02-01 01:10:48.380 [info] > git rev-parse --show-toplevel [2ms]
2024-02-01 01:10:48.380 [info] fatal: not a git repository (or any of the parent directories): .git
2024-02-01 01:10:48.380 [info] > git rev-parse --show-toplevel [2ms]
2024-02-01 01:10:48.380 [info] fatal: not a git repository (or any of the parent directories): .git
2024-02-01 01:10:48.381 [info] > git rev-parse --show-toplevel [2ms]
2024-02-01 01:10:48.381 [info] fatal: not a git repository (or any of the parent directories): .git
2024-02-01 01:10:48.413 [info] > git rev-parse --show-toplevel [28ms]
2024-02-01 01:10:48.413 [info] fatal: not a git repository (or any of the parent directories): .git
2024-02-01 01:11:24.705 [info] > git rev-parse --show-toplevel [1ms]
2024-02-01 01:11:24.705 [info] fatal: not a git repository (or any of the parent directories): .git
2024-02-01 01:11:24.712 [info] > git rev-parse --show-toplevel [1ms]
2024-02-01 01:11:24.712 [info] fatal: not a git repository (or any of the parent directories): .git
2024-02-01 01:11:31.774 [info] > git rev-parse --show-toplevel [1ms]
2024-02-01 01:11:31.774 [info] fatal: not a git repository (or any of the parent directories): .git
2024-02-01 01:11:31.821 [info] > git rev-parse --show-toplevel [2ms]
2024-02-01 01:11:31.821 [info] fatal: not a git repository (or any of the parent directories): .git
2024-02-01 01:12:15.009 [info] > git rev-parse --show-toplevel [1ms]
2024-02-01 01:12:15.009 [info] fatal: not a git repository (or any of the parent directories): .git
2024-02-01 01:13:43.724 [info] > git rev-parse --show-toplevel [2ms]
2024-02-01 01:13:43.724 [info] fatal: not a git repository (or any of the parent directories): .git
2024-02-01 01:14:14.564 [info] > git rev-parse --show-toplevel [1ms]
2024-02-01 01:14:14.564 [info] fatal: not a git repository (or any of the parent directories): .git
2024-02-01 01:15:09.007 [info] > git rev-parse --show-toplevel [1ms]
2024-02-01 01:15:09.007 [info] fatal: not a git repository (or any of the parent directories): .git
2024-02-01 01:15:52.900 [info] > git rev-parse --show-toplevel [1ms]
2024-02-01 01:15:52.900 [info] fatal: not a git repository (or any of the parent directories): .git
2024-02-01 01:16:52.838 [info] > git rev-parse --show-toplevel [1ms]
2024-02-01 01:16:52.838 [info] fatal: not a git repository (or any of the parent directories): .git
2024-02-01 01:17:38.928 [info] > git rev-parse --show-toplevel [1ms]
2024-02-01 01:17:38.928 [info] fatal: not a git repository (or any of the parent directories): .git
2024-02-01 01:21:15.416 [info] > git rev-parse --show-toplevel [2ms]
2024-02-01 01:21:15.416 [info] fatal: not a git repository (or any of the parent directories): .git
2024-02-01 01:22:17.612 [info] > git rev-parse --show-toplevel [2ms]
2024-02-01 01:22:17.612 [info] fatal: not a git repository (or any of the parent directories): .git
2024-02-01 01:22:32.518 [info] > git rev-parse --show-toplevel [1ms]
2024-02-01 01:22:32.518 [info] fatal: not a git repository (or any of the parent directories): .git
2024-02-01 01:23:35.928 [info] > git rev-parse --show-toplevel [1ms]
2024-02-01 01:23:35.928 [info] fatal: not a git repository (or any of the parent directories): .git
2024-02-01 01:23:51.533 [info] > git rev-parse --show-toplevel [1ms]
2024-02-01 01:23:51.533 [info] fatal: not a git repository (or any of the parent directories): .git
2024-02-01 01:24:32.041 [info] > git rev-parse --show-toplevel [1ms]
2024-02-01 01:24:32.041 [info] fatal: not a git repository (or any of the parent directories): .git
2024-02-01 01:24:42.931 [info] > git rev-parse --show-toplevel [1ms]
2024-02-01 01:24:42.931 [info] fatal: not a git repository (or any of the parent directories): .git
2024-02-01 01:27:27.915 [info] > git rev-parse --show-toplevel [1ms]
2024-02-01 01:27:27.915 [info] fatal: not a git repository (or any of the parent directories): .git
2024-02-01 01:27:48.989 [info] > git rev-parse --show-toplevel [1ms]
2024-02-01 01:27:48.989 [info] fatal: not a git repository (or any of the parent directories): .git
2024-02-01 01:27:59.089 [info] > git rev-parse --show-toplevel [1ms]
2024-02-01 01:27:59.089 [info] fatal: not a git repository (or any of the parent directories): .git
2024-02-01 01:28:20.734 [info] > git rev-parse --show-toplevel [2ms]
2024-02-01 01:28:20.734 [info] fatal: not a git repository (or any of the parent directories): .git
2024-02-01 01:28:27.688 [info] > git rev-parse --show-toplevel [1ms]
2024-02-01 01:28:27.688 [info] fatal: not a git repository (or any of the parent directories): .git
2024-02-01 01:29:58.633 [info] > git rev-parse --show-toplevel [1ms]
2024-02-01 01:29:58.633 [info] fatal: not a git repository (or any of the parent directories): .git
2024-02-01 01:30:20.852 [info] > git rev-parse --show-toplevel [1ms]
2024-02-01 01:30:20.852 [info] fatal: not a git repository (or any of the parent directories): .git
2024-02-01 01:30:43.005 [info] > git rev-parse --show-toplevel [1ms]
2024-02-01 01:30:43.005 [info] fatal: not a git repository (or any of the parent directories): .git
2024-02-01 01:32:49.077 [info] > git rev-parse --show-toplevel [1ms]
2024-02-01 01:32:49.077 [info] fatal: not a git repository (or any of the parent directories): .git
2024-02-01 01:33:39.852 [info] > git rev-parse --show-toplevel [2ms]
2024-02-01 01:33:39.852 [info] fatal: not a git repository (or any of the parent directories): .git
2024-02-01 01:33:39.859 [info] > git rev-parse --show-toplevel [1ms]
2024-02-01 01:33:39.859 [info] fatal: not a git repository (or any of the parent directories): .git
2024-02-01 01:33:39.865 [info] > git rev-parse --show-toplevel [1ms]
2024-02-01 01:33:39.865 [info] fatal: not a git repository (or any of the parent directories): .git
2024-02-01 01:33:39.871 [info] > git rev-parse --show-toplevel [1ms]
2024-02-01 01:33:39.871 [info] fatal: not a git repository (or any of the parent directories): .git
2024-02-01 01:33:56.807 [info] > git rev-parse --show-toplevel [1ms]
2024-02-01 01:33:56.807 [info] fatal: not a git repository (or any of the parent directories): .git
2024-02-01 01:34:11.704 [info] > git rev-parse --show-toplevel [1ms]
2024-02-01 01:34:11.704 [info] fatal: not a git repository (or any of the parent directories): .git
2024-02-01 01:34:32.885 [info] > git rev-parse --show-toplevel [1ms]
2024-02-01 01:34:32.885 [info] fatal: not a git repository (or any of the parent directories): .git
2024-02-01 01:34:44.795 [info] > git rev-parse --show-toplevel [3ms]
2024-02-01 01:34:44.795 [info] fatal: not a git repository (or any of the parent directories): .git
2024-02-01 01:35:13.648 [info] > git rev-parse --show-toplevel [1ms]
2024-02-01 01:35:13.648 [info] fatal: not a git repository (or any of the parent directories): .git
2024-02-01 01:35:17.177 [info] > git rev-parse --show-toplevel [2ms]
2024-02-01 01:35:17.177 [info] fatal: not a git repository (or any of the parent directories): .git
2024-02-01 01:36:41.957 [info] > git rev-parse --show-toplevel [2ms]
2024-02-01 01:36:41.957 [info] fatal: not a git repository (or any of the parent directories): .git
2024-02-01 01:36:54.255 [info] > git rev-parse --show-toplevel [1ms]
2024-02-01 01:36:54.255 [info] fatal: not a git repository (or any of the parent directories): .git
2024-02-01 01:37:45.326 [info] > git rev-parse --show-toplevel [1ms]
2024-02-01 01:37:45.326 [info] fatal: not a git repository (or any of the parent directories): .git
2024-02-01 01:38:23.947 [info] > git rev-parse --show-toplevel [1ms]
2024-02-01 01:38:23.947 [info] fatal: not a git repository (or any of the parent directories): .git
2024-02-01 01:40:06.982 [info] > git rev-parse --show-toplevel [2ms]
2024-02-01 01:40:06.982 [info] fatal: not a git repository (or any of the parent directories): .git
2024-02-01 01:40:30.463 [info] > git rev-parse --show-toplevel [1ms]
2024-02-01 01:40:30.463 [info] fatal: not a git repository (or any of the parent directories): .git
2024-02-01 01:41:22.277 [info] > git rev-parse --show-toplevel [2ms]
2024-02-01 01:41:22.277 [info] fatal: not a git repository (or any of the parent directories): .git
2024-02-01 01:41:43.331 [info] > git rev-parse --show-toplevel [1ms]
2024-02-01 01:41:43.331 [info] fatal: not a git repository (or any of the parent directories): .git
2024-02-01 01:42:11.984 [info] > git rev-parse --show-toplevel [1ms]
2024-02-01 01:42:11.984 [info] fatal: not a git repository (or any of the parent directories): .git
2024-02-01 01:42:46.355 [info] > git rev-parse --show-toplevel [2ms]
2024-02-01 01:42:46.355 [info] fatal: not a git repository (or any of the parent directories): .git
2024-02-01 01:47:41.906 [info] > git rev-parse --show-toplevel [1ms]
2024-02-01 01:47:41.906 [info] fatal: not a git repository (or any of the parent directories): .git
2024-02-01 01:47:44.633 [info] > git rev-parse --show-toplevel [1ms]
2024-02-01 01:47:44.633 [info] fatal: not a git repository (or any of the parent directories): .git
2024-02-01 01:47:46.016 [info] > git rev-parse --show-toplevel [1ms]
2024-02-01 01:47:46.016 [info] fatal: not a git repository (or any of the parent directories): .git
2024-02-01 01:47:47.980 [info] > git rev-parse --show-toplevel [2ms]
2024-02-01 01:47:47.980 [info] fatal: not a git repository (or any of the parent directories): .git
2024-02-01 01:47:54.104 [info] > git rev-parse --show-toplevel [1ms]
2024-02-01 01:47:54.104 [info] fatal: not a git repository (or any of the parent directories): .git
2024-02-01 01:48:09.947 [info] > git rev-parse --show-toplevel [2ms]
2024-02-01 01:48:09.947 [info] fatal: not a git repository (or any of the parent directories): .git
2024-02-01 01:50:31.524 [info] > git rev-parse --show-toplevel [1ms]
2024-02-01 01:50:31.524 [info] fatal: not a git repository (or any of the parent directories): .git
2024-02-01 01:50:40.286 [info] > git rev-parse --show-toplevel [1ms]
2024-02-01 01:50:40.286 [info] fatal: not a git repository (or any of the parent directories): .git
2024-02-01 01:51:12.339 [info] > git rev-parse --show-toplevel [1ms]
2024-02-01 01:51:12.339 [info] fatal: not a git repository (or any of the parent directories): .git
2024-02-01 01:51:26.906 [info] > git rev-parse --show-toplevel [2ms]
2024-02-01 01:51:26.906 [info] fatal: not a git repository (or any of the parent directories): .git
2024-02-01 01:54:36.675 [info] > git rev-parse --show-toplevel [1ms]
2024-02-01 01:54:36.675 [info] fatal: not a git repository (or any of the parent directories): .git
2024-02-01 01:54:57.807 [info] > git rev-parse --show-toplevel [1ms]
2024-02-01 01:54:57.807 [info] fatal: not a git repository (or any of the parent directories): .git
2024-02-01 01:55:14.372 [info] > git rev-parse --show-toplevel [2ms]
2024-02-01 01:55:14.372 [info] fatal: not a git repository (or any of the parent directories): .git
2024-02-01 01:56:32.833 [info] > git rev-parse --show-toplevel [2ms]
2024-02-01 01:56:32.833 [info] fatal: not a git repository (or any of the parent directories): .git
2024-02-01 01:56:49.410 [info] > git rev-parse --show-toplevel [1ms]
2024-02-01 01:56:49.410 [info] fatal: not a git repository (or any of the parent directories): .git
2024-02-01 01:58:22.652 [info] > git rev-parse --show-toplevel [2ms]
2024-02-01 01:58:22.652 [info] fatal: not a git repository (or any of the parent directories): .git
2024-02-01 01:58:54.943 [info] > git rev-parse --show-toplevel [1ms]
2024-02-01 01:58:54.943 [info] fatal: not a git repository (or any of the parent directories): .git
2024-02-01 01:59:04.316 [info] > git rev-parse --show-toplevel [2ms]
2024-02-01 01:59:04.316 [info] fatal: not a git repository (or any of the parent directories): .git
2024-02-01 01:59:07.986 [info] > git rev-parse --show-toplevel [1ms]
2024-02-01 01:59:07.986 [info] fatal: not a git repository (or any of the parent directories): .git
2024-02-01 01:59:20.456 [info] > git rev-parse --show-toplevel [1ms]
2024-02-01 01:59:20.456 [info] fatal: not a git repository (or any of the parent directories): .git
2024-02-01 01:59:44.062 [info] > git rev-parse --show-toplevel [1ms]
2024-02-01 01:59:44.062 [info] fatal: not a git repository (or any of the parent directories): .git
2024-02-01 02:01:33.193 [info] > git rev-parse --show-toplevel [2ms]
2024-02-01 02:01:33.193 [info] fatal: not a git repository (or any of the parent directories): .git
2024-02-01 02:01:33.200 [info] > git rev-parse --show-toplevel [2ms]
2024-02-01 02:01:33.200 [info] fatal: not a git repository (or any of the parent directories): .git
2024-02-01 02:01:33.206 [info] > git rev-parse --show-toplevel [1ms]
2024-02-01 02:01:33.206 [info] fatal: not a git repository (or any of the parent directories): .git
2024-02-01 02:01:33.212 [info] > git rev-parse --show-toplevel [1ms]
2024-02-01 02:01:33.212 [info] fatal: not a git repository (or any of the parent directories): .git
2024-02-01 02:01:33.217 [info] > git rev-parse --show-toplevel [1ms]
2024-02-01 02:01:33.217 [info] fatal: not a git repository (or any of the parent directories): .git
2024-02-01 02:01:48.166 [info] > git rev-parse --show-toplevel [2ms]
2024-02-01 02:01:48.166 [info] fatal: not a git repository (or any of the parent directories): .git
2024-02-01 02:02:04.035 [info] > git rev-parse --show-toplevel [2ms]
2024-02-01 02:02:04.035 [info] fatal: not a git repository (or any of the parent directories): .git
2024-02-01 02:02:28.364 [info] > git rev-parse --show-toplevel [1ms]
2024-02-01 02:02:28.364 [info] fatal: not a git repository (or any of the parent directories): .git
2024-02-01 02:02:40.852 [info] > git rev-parse --show-toplevel [2ms]
2024-02-01 02:02:40.852 [info] fatal: not a git repository (or any of the parent directories): .git
2024-02-01 02:02:55.021 [info] > git rev-parse --show-toplevel [1ms]
2024-02-01 02:02:55.021 [info] fatal: not a git repository (or any of the parent directories): .git
2024-02-01 02:03:04.790 [info] > git rev-parse --show-toplevel [2ms]
2024-02-01 02:03:04.790 [info] fatal: not a git repository (or any of the parent directories): .git
2024-02-01 02:03:30.767 [info] > git rev-parse --show-toplevel [2ms]
2024-02-01 02:03:30.767 [info] fatal: not a git repository (or any of the parent directories): .git
2024-02-01 02:04:42.636 [info] > git rev-parse --show-toplevel [1ms]
2024-02-01 02:04:42.636 [info] fatal: not a git repository (or any of the parent directories): .git
2024-02-01 02:04:55.891 [info] > git rev-parse --show-toplevel [2ms]
2024-02-01 02:04:55.891 [info] fatal: not a git repository (or any of the parent directories): .git
2024-02-01 02:05:38.822 [info] > git rev-parse --show-toplevel [2ms]
2024-02-01 02:05:38.822 [info] fatal: not a git repository (or any of the parent directories): .git
2024-02-01 02:06:58.766 [info] > git rev-parse --show-toplevel [1ms]
2024-02-01 02:06:58.766 [info] fatal: not a git repository (or any of the parent directories): .git
2024-02-01 02:07:17.247 [info] > git rev-parse --show-toplevel [1ms]
2024-02-01 02:07:17.247 [info] fatal: not a git repository (or any of the parent directories): .git
2024-02-01 02:07:20.395 [info] > git rev-parse --show-toplevel [1ms]
2024-02-01 02:07:20.395 [info] fatal: not a git repository (or any of the parent directories): .git
2024-02-01 02:07:41.391 [info] > git rev-parse --show-toplevel [1ms]
2024-02-01 02:07:41.391 [info] fatal: not a git repository (or any of the parent directories): .git
2024-02-01 02:08:11.851 [info] > git rev-parse --show-toplevel [1ms]
2024-02-01 02:08:11.851 [info] fatal: not a git repository (or any of the parent directories): .git
2024-02-01 02:11:42.316 [info] > git rev-parse --show-toplevel [1ms]
2024-02-01 02:11:42.316 [info] fatal: not a git repository (or any of the parent directories): .git
2024-02-01 02:13:37.632 [info] > git rev-parse --show-toplevel [2ms]
2024-02-01 02:13:37.632 [info] fatal: not a git repository (or any of the parent directories): .git
2024-02-01 02:18:02.691 [info] > git rev-parse --show-toplevel [2ms]
2024-02-01 02:18:02.691 [info] fatal: not a git repository (or any of the parent directories): .git
2024-02-01 02:22:53.903 [info] > git rev-parse --show-toplevel [1ms]
2024-02-01 02:22:53.903 [info] fatal: not a git repository (or any of the parent directories): .git
2024-02-01 02:22:58.198 [info] > git rev-parse --show-toplevel [1ms]
2024-02-01 02:22:58.198 [info] fatal: not a git repository (or any of the parent directories): .git
2024-02-01 02:22:58.429 [info] > git rev-parse --show-toplevel [1ms]
2024-02-01 02:22:58.429 [info] fatal: not a git repository (or any of the parent directories): .git
2024-02-01 02:22:58.439 [info] > git rev-parse --show-toplevel [4ms]
2024-02-01 02:22:58.439 [info] fatal: not a git repository (or any of the parent directories): .git
2024-02-01 02:22:58.446 [info] > git rev-parse --show-toplevel [2ms]
2024-02-01 02:22:58.446 [info] fatal: not a git repository (or any of the parent directories): .git
2024-02-01 02:23:07.187 [info] > git rev-parse --show-toplevel [1ms]
2024-02-01 02:23:07.187 [info] fatal: not a git repository (or any of the parent directories): .git
2024-02-01 02:23:07.206 [info] > git rev-parse --show-toplevel [1ms]
2024-02-01 02:23:07.206 [info] fatal: not a git repository (or any of the parent directories): .git
2024-02-01 02:23:07.213 [info] > git rev-parse --show-toplevel [1ms]
2024-02-01 02:23:07.213 [info] fatal: not a git repository (or any of the parent directories): .git
2024-02-01 02:23:07.219 [info] > git rev-parse --show-toplevel [1ms]
2024-02-01 02:23:07.219 [info] fatal: not a git repository (or any of the parent directories): .git
2024-02-01 02:23:07.225 [info] > git rev-parse --show-toplevel [1ms]
2024-02-01 02:23:07.225 [info] fatal: not a git repository (or any of the parent directories): .git
2024-02-01 02:23:34.037 [info] > git rev-parse --show-toplevel [2ms]
2024-02-01 02:23:34.037 [info] fatal: not a git repository (or any of the parent directories): .git
2024-02-01 02:23:55.077 [info] > git rev-parse --show-toplevel [2ms]
2024-02-01 02:23:55.077 [info] fatal: not a git repository (or any of the parent directories): .git
2024-02-01 02:24:24.563 [info] > git rev-parse --show-toplevel [1ms]
2024-02-01 02:24:24.563 [info] fatal: not a git repository (or any of the parent directories): .git
2024-02-01 02:24:28.738 [info] > git rev-parse --show-toplevel [1ms]
2024-02-01 02:24:28.738 [info] fatal: not a git repository (or any of the parent directories): .git
2024-02-01 02:28:46.333 [info] > git rev-parse --show-toplevel [1ms]
2024-02-01 02:28:46.333 [info] fatal: not a git repository (or any of the parent directories): .git
2024-02-01 02:29:33.785 [info] > git rev-parse --show-toplevel [1ms]
2024-02-01 02:29:33.785 [info] fatal: not a git repository (or any of the parent directories): .git
2024-02-01 02:29:51.103 [info] > git rev-parse --show-toplevel [1ms]
2024-02-01 02:29:51.103 [info] fatal: not a git repository (or any of the parent directories): .git
2024-02-01 02:30:17.616 [info] > git rev-parse --show-toplevel [1ms]
2024-02-01 02:30:17.616 [info] fatal: not a git repository (or any of the parent directories): .git
2024-02-01 02:30:56.037 [info] > git rev-parse --show-toplevel [2ms]
2024-02-01 02:30:56.037 [info] fatal: not a git repository (or any of the parent directories): .git
2024-02-01 02:33:10.170 [info] > git rev-parse --show-toplevel [1ms]
2024-02-01 02:33:10.171 [info] fatal: not a git repository (or any of the parent directories): .git
2024-02-01 02:33:17.884 [info] > git rev-parse --show-toplevel [2ms]
2024-02-01 02:33:17.884 [info] fatal: not a git repository (or any of the parent directories): .git
2024-02-01 02:33:48.513 [info] > git rev-parse --show-toplevel [1ms]
2024-02-01 02:33:48.513 [info] fatal: not a git repository (or any of the parent directories): .git
2024-02-01 02:33:51.671 [info] > git rev-parse --show-toplevel [1ms]
2024-02-01 02:33:51.671 [info] fatal: not a git repository (or any of the parent directories): .git
2024-02-01 02:35:44.175 [info] > git rev-parse --show-toplevel [1ms]
2024-02-01 02:35:44.175 [info] fatal: not a git repository (or any of the parent directories): .git
