2024-02-04 05:35:14.577 [info] Log level: Info
2024-02-04 05:35:14.577 [info] Validating found git in: "git"
2024-02-04 05:35:14.577 [info] Using git "2.34.1" from "git"
2024-02-04 05:35:14.577 [info] > git rev-parse --show-toplevel [2ms]
2024-02-04 05:35:14.577 [info] > git rev-parse --git-dir --git-common-dir [1ms]
2024-02-04 05:35:14.577 [info] Open repository: /home/s3yannick
2024-02-04 05:35:14.577 [info] > git config --get commit.template [6ms]
2024-02-04 05:35:14.577 [info] > git rev-parse --show-toplevel [3ms]
2024-02-04 05:35:14.577 [info] > git for-each-ref --format=%(refname)%00%(upstream:short)%00%(objectname)%00%(upstream:track)%00%(upstream:remotename)%00%(upstream:remoteref) refs/heads/s3yannick refs/remotes/s3yannick [6ms]
2024-02-04 05:35:14.577 [info] > git rev-parse --show-toplevel [1ms]
2024-02-04 05:35:14.577 [info] > git rev-parse --show-toplevel [7ms]
2024-02-04 05:35:14.577 [info] > git rev-parse --show-toplevel [1ms]
2024-02-04 05:35:14.577 [info] > git rev-parse --show-toplevel [1ms]
2024-02-04 05:35:14.577 [info] > git rev-parse --show-toplevel [2ms]
2024-02-04 05:35:14.577 [info] > git rev-parse --show-toplevel [4ms]
2024-02-04 05:35:14.579 [info] > git rev-parse --show-toplevel [35ms]
2024-02-04 05:35:14.590 [info] > git rev-parse --git-dir --git-common-dir [4ms]
2024-02-04 05:35:14.594 [info] Open repository: /home/s3yannick/git
2024-02-04 05:35:14.607 [info] > git config --get commit.template [7ms]
2024-02-04 05:35:14.607 [info] > git rev-parse --show-toplevel [2ms]
2024-02-04 05:35:14.614 [info] No remotes found in the git config file.
2024-02-04 05:35:14.625 [info] > git rev-parse --show-toplevel [2ms]
2024-02-04 05:35:14.625 [info] > git for-each-ref --format=%(refname)%00%(upstream:short)%00%(objectname)%00%(upstream:track)%00%(upstream:remotename)%00%(upstream:remoteref) refs/heads/project-espresso refs/remotes/project-espresso [11ms]
2024-02-04 05:35:14.640 [info] > git status -z -uall [8ms]
2024-02-04 05:35:14.663 [info] > git rev-parse --git-dir --git-common-dir [23ms]
2024-02-04 05:35:14.668 [info] Open repository: /home/s3yannick/project
2024-02-04 05:35:14.684 [info] > git config --get commit.template [22ms]
2024-02-04 05:35:14.686 [info] > git rev-parse --show-toplevel [3ms]
2024-02-04 05:35:14.686 [info] > git config --get commit.template [8ms]
2024-02-04 05:35:14.694 [info] No remotes found in the git config file.
2024-02-04 05:35:14.729 [info] > git rev-parse --show-toplevel [28ms]
2024-02-04 05:35:14.729 [info] > git for-each-ref --format=%(refname)%00%(upstream:short)%00%(objectname)%00%(upstream:track)%00%(upstream:remotename)%00%(upstream:remoteref) refs/heads/project-espresso refs/remotes/project-espresso [35ms]
2024-02-04 05:35:14.742 [info] > git status -z -uall [6ms]
2024-02-04 05:35:14.742 [info] > git for-each-ref --format=%(refname)%00%(upstream:short)%00%(objectname)%00%(upstream:track)%00%(upstream:remotename)%00%(upstream:remoteref) refs/heads/s3yannick refs/remotes/s3yannick [14ms]
2024-02-04 05:35:14.749 [info] > git rev-parse --show-toplevel [7ms]
2024-02-04 05:35:14.758 [info] > git status -z -uall [11ms]
2024-02-04 05:35:14.776 [info] > git rev-parse --show-toplevel [19ms]
2024-02-04 05:35:14.783 [info] > git config --get commit.template [8ms]
2024-02-04 05:35:14.784 [info] > git rev-parse --show-toplevel [2ms]
2024-02-04 05:35:14.795 [info] > git for-each-ref --format=%(refname)%00%(upstream:short)%00%(objectname)%00%(upstream:track)%00%(upstream:remotename)%00%(upstream:remoteref) refs/heads/s3yannick refs/remotes/s3yannick [6ms]
2024-02-04 05:35:14.803 [info] > git rev-parse --show-toplevel [8ms]
2024-02-04 05:35:14.809 [info] > git status -z -uall [7ms]
2024-02-04 05:35:14.812 [info] > git rev-parse --show-toplevel [4ms]
2024-02-04 05:35:14.819 [info] > git rev-parse --show-toplevel [2ms]
2024-02-04 05:35:14.826 [info] > git rev-parse --show-toplevel [2ms]
2024-02-04 05:35:14.837 [info] > git rev-parse --show-toplevel [3ms]
2024-02-04 05:35:14.845 [info] > git rev-parse --show-toplevel [2ms]
2024-02-04 05:35:15.107 [info] > git check-ignore -v -z --stdin [8ms]
2024-02-04 05:35:15.352 [info] > git show --textconv :s3yannick-espresso-shop-product-catalog/values.yaml [9ms]
2024-02-04 05:35:15.354 [info] > git ls-files --stage -- /home/s3yannick/s3yannick-espresso-shop-product-catalog/values.yaml [3ms]
2024-02-04 05:35:16.238 [info] > git status -z -uall [1728ms]
2024-02-04 05:35:16.262 [info] > git config --get commit.template [6ms]
2024-02-04 05:35:16.263 [info] > git for-each-ref --format=%(refname)%00%(upstream:short)%00%(objectname)%00%(upstream:track)%00%(upstream:remotename)%00%(upstream:remoteref) refs/heads/s3yannick refs/remotes/s3yannick [2ms]
2024-02-04 05:35:16.711 [info] > git check-ignore -v -z --stdin [3ms]
2024-02-04 05:35:17.773 [info] > git status -z -uall [1504ms]
