2024-01-29 02:16:42.484 [info] Log level: Info
2024-01-29 02:16:42.484 [info] Validating found git in: "git"
2024-01-29 02:16:42.484 [info] Using git "2.34.1" from "git"
2024-01-29 02:16:42.484 [info] > git rev-parse --show-toplevel [4ms]
2024-01-29 02:16:42.484 [info] fatal: not a git repository (or any of the parent directories): .git
2024-01-29 02:16:42.484 [info] > git rev-parse --show-toplevel [2ms]
2024-01-29 02:16:42.484 [info] fatal: not a git repository (or any of the parent directories): .git
2024-01-29 02:16:42.484 [info] > git rev-parse --show-toplevel [3ms]
2024-01-29 02:16:42.484 [info] fatal: not a git repository (or any of the parent directories): .git
2024-01-29 02:16:42.485 [info] > git rev-parse --show-toplevel [1ms]
2024-01-29 02:16:42.485 [info] fatal: not a git repository (or any of the parent directories): .git
2024-01-29 02:16:42.491 [info] > git rev-parse --show-toplevel [1ms]
2024-01-29 02:16:42.491 [info] fatal: not a git repository (or any of the parent directories): .git
2024-01-29 02:16:42.497 [info] > git rev-parse --show-toplevel [1ms]
2024-01-29 02:16:42.497 [info] fatal: not a git repository (or any of the parent directories): .git
2024-01-29 02:16:42.502 [info] > git rev-parse --show-toplevel [1ms]
2024-01-29 02:16:42.502 [info] fatal: not a git repository (or any of the parent directories): .git
2024-01-29 02:16:42.533 [info] > git rev-parse --show-toplevel [27ms]
2024-01-29 02:16:42.533 [info] fatal: not a git repository (or any of the parent directories): .git
2024-01-29 02:16:42.548 [info] > git rev-parse --show-toplevel [9ms]
2024-01-29 02:16:42.548 [info] fatal: not a git repository (or any of the parent directories): .git
2024-01-29 02:16:42.553 [info] > git rev-parse --show-toplevel [1ms]
2024-01-29 02:16:42.553 [info] fatal: not a git repository (or any of the parent directories): .git
2024-01-29 02:16:42.559 [info] > git rev-parse --show-toplevel [1ms]
2024-01-29 02:16:42.559 [info] fatal: not a git repository (or any of the parent directories): .git
2024-01-29 02:16:42.565 [info] > git rev-parse --show-toplevel [1ms]
2024-01-29 02:16:42.565 [info] fatal: not a git repository (or any of the parent directories): .git
2024-01-29 02:16:42.571 [info] > git rev-parse --show-toplevel [1ms]
2024-01-29 02:16:42.571 [info] fatal: not a git repository (or any of the parent directories): .git
2024-01-29 02:22:04.385 [info] > git rev-parse --show-toplevel [1ms]
2024-01-29 02:22:04.385 [info] fatal: not a git repository (or any of the parent directories): .git
2024-01-29 02:22:04.439 [info] > git rev-parse --show-toplevel [1ms]
2024-01-29 02:22:04.439 [info] fatal: not a git repository (or any of the parent directories): .git
2024-01-29 02:26:04.289 [info] > git rev-parse --show-toplevel [1ms]
2024-01-29 02:26:04.289 [info] fatal: not a git repository (or any of the parent directories): .git
2024-01-29 02:27:20.060 [info] > git rev-parse --show-toplevel [1ms]
2024-01-29 02:27:20.060 [info] fatal: not a git repository (or any of the parent directories): .git
