2024-02-04 02:30:09.912 [info] Log level: Info
2024-02-04 02:30:09.912 [info] Validating found git in: "git"
2024-02-04 02:30:09.912 [info] Using git "2.34.1" from "git"
2024-02-04 02:30:09.912 [info] > git rev-parse --show-toplevel [5ms]
2024-02-04 02:30:09.912 [info] > git rev-parse --show-toplevel [4ms]
2024-02-04 02:30:09.922 [info] > git rev-parse --show-toplevel [1ms]
2024-02-04 02:30:09.930 [info] > git rev-parse --show-toplevel [1ms]
2024-02-04 02:30:09.966 [info] > git rev-parse --show-toplevel [29ms]
2024-02-04 02:30:09.975 [info] > git rev-parse --show-toplevel [4ms]
2024-02-04 02:30:09.981 [info] > git rev-parse --show-toplevel [1ms]
2024-02-04 02:30:09.987 [info] > git rev-parse --show-toplevel [1ms]
2024-02-04 02:30:09.993 [info] > git rev-parse --show-toplevel [1ms]
2024-02-04 02:30:09.999 [info] > git rev-parse --show-toplevel [1ms]
2024-02-04 02:30:10.005 [info] > git rev-parse --show-toplevel [1ms]
2024-02-04 02:30:10.010 [info] > git rev-parse --show-toplevel [1ms]
2024-02-04 02:30:10.016 [info] > git rev-parse --show-toplevel [1ms]
2024-02-04 02:31:41.950 [info] > git rev-parse --show-toplevel [1ms]
2024-02-04 02:32:03.536 [info] > git rev-parse --show-toplevel [1ms]
2024-02-04 02:32:03.603 [info] > git rev-parse --show-toplevel [1ms]
2024-02-04 02:35:10.342 [info] > git rev-parse --show-toplevel [1ms]
2024-02-04 02:39:16.674 [info] > git rev-parse --show-toplevel [1ms]
2024-02-04 02:39:36.836 [info] > git rev-parse --show-toplevel [1ms]
2024-02-04 02:40:00.117 [info] > git rev-parse --show-toplevel [1ms]
2024-02-04 02:40:27.131 [info] > git rev-parse --show-toplevel [2ms]
2024-02-04 02:41:02.477 [info] > git rev-parse --show-toplevel [1ms]
2024-02-04 02:41:59.194 [info] > git rev-parse --show-toplevel [1ms]
2024-02-04 02:44:10.664 [info] > git rev-parse --show-toplevel [1ms]
2024-02-04 02:54:39.066 [info] > git rev-parse --show-toplevel [1ms]
2024-02-04 02:57:52.796 [info] > git rev-parse --show-toplevel [1ms]
2024-02-04 02:59:30.980 [info] > git rev-parse --show-toplevel [1ms]
2024-02-04 03:02:04.992 [info] > git rev-parse --show-toplevel [2ms]
2024-02-04 03:05:05.497 [info] > git rev-parse --show-toplevel [1ms]
2024-02-04 03:05:47.425 [info] > git rev-parse --show-toplevel [1ms]
2024-02-04 03:06:34.588 [info] > git rev-parse --show-toplevel [1ms]
2024-02-04 03:09:43.048 [info] > git rev-parse --show-toplevel [1ms]
2024-02-04 03:10:03.149 [info] > git rev-parse --show-toplevel [1ms]
2024-02-04 03:12:32.685 [info] > git rev-parse --show-toplevel [1ms]
2024-02-04 03:13:04.111 [info] > git rev-parse --show-toplevel [1ms]
2024-02-04 03:14:17.820 [info] > git rev-parse --show-toplevel [1ms]
2024-02-04 03:14:27.650 [info] > git rev-parse --show-toplevel [1ms]
2024-02-04 03:16:20.712 [info] > git rev-parse --show-toplevel [1ms]
2024-02-04 03:19:38.694 [info] > git rev-parse --show-toplevel [2ms]
2024-02-04 03:20:15.752 [info] > git rev-parse --show-toplevel [1ms]
2024-02-04 03:22:08.970 [info] > git rev-parse --show-toplevel [1ms]
2024-02-04 03:23:35.125 [info] > git rev-parse --show-toplevel [1ms]
2024-02-04 03:23:52.504 [info] > git rev-parse --show-toplevel [1ms]
2024-02-04 03:26:28.130 [info] > git rev-parse --show-toplevel [1ms]
2024-02-04 03:35:04.814 [info] > git rev-parse --show-toplevel [2ms]
2024-02-04 03:44:58.480 [info] > git rev-parse --show-toplevel [1ms]
2024-02-04 03:45:16.690 [info] > git rev-parse --show-toplevel [1ms]
2024-02-04 03:52:56.049 [info] > git rev-parse --show-toplevel [2ms]
2024-02-04 03:57:11.536 [info] > git rev-parse --show-toplevel [1ms]
2024-02-04 04:04:07.676 [info] > git rev-parse --show-toplevel [1ms]
2024-02-04 04:05:29.607 [info] > git rev-parse --show-toplevel [1ms]
2024-02-04 04:07:15.221 [info] > git rev-parse --show-toplevel [2ms]
2024-02-04 04:09:33.373 [info] > git rev-parse --show-toplevel [1ms]
2024-02-04 04:10:14.225 [info] > git rev-parse --show-toplevel [1ms]
2024-02-04 04:14:24.551 [info] > git rev-parse --show-toplevel [1ms]
2024-02-04 04:15:10.581 [info] > git rev-parse --show-toplevel [2ms]
2024-02-04 04:16:36.236 [info] > git rev-parse --show-toplevel [1ms]
2024-02-04 04:17:51.949 [info] > git rev-parse --show-toplevel [1ms]
2024-02-04 04:17:59.432 [info] > git rev-parse --show-toplevel [1ms]
2024-02-04 04:18:21.952 [info] > git rev-parse --show-toplevel [1ms]
2024-02-04 04:18:40.402 [info] > git rev-parse --show-toplevel [1ms]
2024-02-04 04:18:59.433 [info] > git rev-parse --show-toplevel [2ms]
2024-02-04 04:19:51.827 [info] > git rev-parse --show-toplevel [1ms]
2024-02-04 04:20:50.614 [info] > git rev-parse --show-toplevel [2ms]
2024-02-04 04:22:46.420 [info] > git rev-parse --show-toplevel [2ms]
2024-02-04 04:24:33.624 [info] > git rev-parse --show-toplevel [2ms]
2024-02-04 04:25:10.730 [info] > git rev-parse --show-toplevel [1ms]
2024-02-04 04:26:29.049 [info] > git rev-parse --show-toplevel [1ms]
2024-02-04 04:27:04.961 [info] > git rev-parse --show-toplevel [2ms]
2024-02-04 04:28:03.419 [info] > git rev-parse --show-toplevel [2ms]
2024-02-04 04:31:02.752 [info] > git rev-parse --show-toplevel [1ms]
2024-02-04 04:32:35.161 [info] > git rev-parse --show-toplevel [1ms]
2024-02-04 04:32:45.484 [info] > git rev-parse --show-toplevel [1ms]
2024-02-04 04:33:11.923 [info] > git rev-parse --show-toplevel [2ms]
2024-02-04 04:34:29.766 [info] > git rev-parse --show-toplevel [1ms]
2024-02-04 04:34:48.695 [info] > git rev-parse --show-toplevel [1ms]
2024-02-04 04:35:24.510 [info] > git rev-parse --show-toplevel [2ms]
2024-02-04 04:38:14.137 [info] > git rev-parse --show-toplevel [2ms]
2024-02-04 04:40:04.684 [info] > git rev-parse --show-toplevel [1ms]
2024-02-04 04:41:31.810 [info] > git rev-parse --show-toplevel [1ms]
2024-02-04 04:47:46.718 [info] > git rev-parse --show-toplevel [1ms]
2024-02-04 04:54:56.597 [info] > git rev-parse --show-toplevel [1ms]
2024-02-04 04:55:37.957 [info] > git rev-parse --show-toplevel [2ms]
2024-02-04 04:56:13.396 [info] > git rev-parse --show-toplevel [2ms]
2024-02-04 04:56:35.816 [info] > git rev-parse --show-toplevel [1ms]
2024-02-04 04:57:33.794 [info] > git rev-parse --show-toplevel [1ms]
2024-02-04 04:57:37.487 [info] > git rev-parse --show-toplevel [1ms]
2024-02-04 05:02:49.698 [info] > git rev-parse --show-toplevel [2ms]
2024-02-04 05:05:16.193 [info] > git rev-parse --show-toplevel [2ms]
2024-02-04 05:06:47.352 [info] > git rev-parse --show-toplevel [1ms]
2024-02-04 05:07:20.939 [info] > git rev-parse --show-toplevel [1ms]
2024-02-04 05:10:10.769 [info] > git rev-parse --show-toplevel [1ms]
2024-02-04 05:10:42.819 [info] > git rev-parse --show-toplevel [1ms]
2024-02-04 05:11:49.241 [info] > git rev-parse --show-toplevel [1ms]
2024-02-04 05:12:44.032 [info] > git rev-parse --show-toplevel [1ms]
2024-02-04 05:14:03.509 [info] > git rev-parse --show-toplevel [2ms]
2024-02-04 05:15:38.192 [info] > git rev-parse --show-toplevel [1ms]
2024-02-04 05:15:46.330 [info] > git rev-parse --show-toplevel [1ms]
2024-02-04 05:16:11.199 [info] > git rev-parse --show-toplevel [1ms]
2024-02-04 05:17:08.851 [info] > git rev-parse --show-toplevel [1ms]
2024-02-04 05:20:12.004 [info] > git rev-parse --show-toplevel [1ms]
2024-02-04 05:20:22.636 [info] > git rev-parse --show-toplevel [1ms]
2024-02-04 05:23:35.614 [info] > git rev-parse --show-toplevel [2ms]
2024-02-04 05:27:52.595 [info] > git rev-parse --show-toplevel [1ms]
2024-02-04 05:28:36.033 [info] > git rev-parse --show-toplevel [2ms]
2024-02-04 05:28:36.039 [info] > git rev-parse --show-toplevel [1ms]
2024-02-04 05:28:36.045 [info] > git rev-parse --show-toplevel [1ms]
2024-02-04 05:28:36.052 [info] > git rev-parse --show-toplevel [0ms]
2024-02-04 05:28:36.058 [info] > git rev-parse --show-toplevel [1ms]
2024-02-04 05:28:36.065 [info] > git rev-parse --show-toplevel [2ms]
2024-02-04 05:28:51.735 [info] > git rev-parse --show-toplevel [3ms]
2024-02-04 05:29:08.761 [info] > git rev-parse --show-toplevel [1ms]
2024-02-04 05:29:36.996 [info] > git rev-parse --show-toplevel [2ms]
2024-02-04 05:30:25.381 [info] > git rev-parse --show-toplevel [1ms]
2024-02-04 05:33:58.889 [info] > git rev-parse --show-toplevel [2ms]
2024-02-04 05:33:58.896 [info] > git rev-parse --git-dir --git-common-dir [1ms]
2024-02-04 05:33:58.911 [info] Open repository: /home/s3yannick
2024-02-04 05:33:58.927 [info] > git config --get commit.template [8ms]
2024-02-04 05:33:58.928 [info] > git for-each-ref --format=%(refname)%00%(upstream:short)%00%(objectname)%00%(upstream:track)%00%(upstream:remotename)%00%(upstream:remoteref) refs/heads/s3yannick refs/remotes/s3yannick [3ms]
2024-02-04 05:33:59.283 [info] > git show --textconv :s3yannick-espresso-shop-product-catalog/values.yaml [7ms]
2024-02-04 05:33:59.284 [info] > git ls-files --stage -- /home/s3yannick/s3yannick-espresso-shop-product-catalog/values.yaml [2ms]
2024-02-04 05:33:59.491 [info] > git check-ignore -v -z --stdin [5ms]
2024-02-04 05:34:03.676 [info] > git status -z -uall [4742ms]
2024-02-04 05:34:03.705 [info] > git config --get commit.template [7ms]
2024-02-04 05:34:03.705 [info] > git for-each-ref --format=%(refname)%00%(upstream:short)%00%(objectname)%00%(upstream:track)%00%(upstream:remotename)%00%(upstream:remoteref) refs/heads/s3yannick refs/remotes/s3yannick [2ms]
2024-02-04 05:34:05.156 [info] > git status -z -uall [1445ms]
2024-02-04 05:34:14.837 [info] > git check-ignore -v -z --stdin [3ms]
2024-02-04 05:34:32.335 [info] > git check-ignore -v -z --stdin [3ms]
2024-02-04 05:34:40.792 [info] > git check-ignore -v -z --stdin [3ms]
2024-02-04 05:34:42.546 [info] > git check-ignore -v -z --stdin [4ms]
