2024-01-28 10:49:30.201 [info] Log level: Info
2024-01-28 10:49:30.201 [info] Validating found git in: "git"
2024-01-28 10:49:30.201 [info] Using git "2.34.1" from "git"
2024-01-28 10:49:30.201 [info] > git rev-parse --show-toplevel [5ms]
2024-01-28 10:49:30.201 [info] fatal: not a git repository (or any of the parent directories): .git
2024-01-28 10:49:30.201 [info] > git rev-parse --show-toplevel [1ms]
2024-01-28 10:49:30.201 [info] fatal: not a git repository (or any of the parent directories): .git
2024-01-28 10:49:30.201 [info] > git rev-parse --show-toplevel [1ms]
2024-01-28 10:49:30.201 [info] fatal: not a git repository (or any of the parent directories): .git
2024-01-28 10:49:30.201 [info] > git rev-parse --show-toplevel [3ms]
2024-01-28 10:49:30.201 [info] fatal: not a git repository (or any of the parent directories): .git
2024-01-28 10:49:30.267 [info] > git rev-parse --show-toplevel [1ms]
2024-01-28 10:49:30.267 [info] fatal: not a git repository (or any of the parent directories): .git
2024-01-28 10:49:30.461 [info] > git rev-parse --show-toplevel [2ms]
2024-01-28 10:49:30.461 [info] fatal: not a git repository (or any of the parent directories): .git
2024-01-28 10:49:30.473 [info] > git rev-parse --show-toplevel [1ms]
2024-01-28 10:49:30.473 [info] fatal: not a git repository (or any of the parent directories): .git
2024-01-28 11:14:40.532 [info] > git rev-parse --show-toplevel [1ms]
2024-01-28 11:14:40.532 [info] fatal: not a git repository (or any of the parent directories): .git
2024-01-28 11:31:40.514 [info] > git rev-parse --show-toplevel [1ms]
2024-01-28 11:31:40.514 [info] fatal: not a git repository (or any of the parent directories): .git
2024-01-28 16:15:52.345 [info] > git rev-parse --show-toplevel [1ms]
2024-01-28 16:15:52.345 [info] fatal: not a git repository (or any of the parent directories): .git
