2024-01-31 01:45:24.306 [info] Log level: Info
2024-01-31 01:45:24.306 [info] Validating found git in: "git"
2024-01-31 01:45:24.306 [info] Using git "2.34.1" from "git"
2024-01-31 01:45:24.306 [info] > git rev-parse --show-toplevel [2ms]
2024-01-31 01:45:24.306 [info] fatal: not a git repository (or any of the parent directories): .git
2024-01-31 01:45:24.306 [info] > git rev-parse --show-toplevel [1ms]
2024-01-31 01:45:24.306 [info] fatal: not a git repository (or any of the parent directories): .git
2024-01-31 01:45:24.306 [info] > git rev-parse --show-toplevel [1ms]
2024-01-31 01:45:24.306 [info] fatal: not a git repository (or any of the parent directories): .git
2024-01-31 01:45:24.306 [info] > git rev-parse --show-toplevel [6ms]
2024-01-31 01:45:24.306 [info] fatal: not a git repository (or any of the parent directories): .git
2024-01-31 01:45:24.306 [info] > git rev-parse --show-toplevel [3ms]
2024-01-31 01:45:24.306 [info] fatal: not a git repository (or any of the parent directories): .git
2024-01-31 01:46:30.853 [info] > git rev-parse --show-toplevel [1ms]
2024-01-31 01:46:30.853 [info] fatal: not a git repository (or any of the parent directories): .git
2024-01-31 01:50:37.733 [info] > git rev-parse --show-toplevel [1ms]
2024-01-31 01:50:37.733 [info] fatal: not a git repository (or any of the parent directories): .git
2024-01-31 01:50:58.823 [info] > git rev-parse --show-toplevel [1ms]
2024-01-31 01:50:58.823 [info] fatal: not a git repository (or any of the parent directories): .git
2024-01-31 01:56:37.088 [info] > git rev-parse --show-toplevel [1ms]
2024-01-31 01:56:37.088 [info] fatal: not a git repository (or any of the parent directories): .git
2024-01-31 01:56:55.426 [info] > git rev-parse --show-toplevel [1ms]
2024-01-31 01:56:55.426 [info] fatal: not a git repository (or any of the parent directories): .git
2024-01-31 01:57:20.423 [info] > git rev-parse --show-toplevel [1ms]
2024-01-31 01:57:20.423 [info] fatal: not a git repository (or any of the parent directories): .git
2024-01-31 01:57:36.745 [info] > git rev-parse --show-toplevel [2ms]
2024-01-31 01:57:36.745 [info] fatal: not a git repository (or any of the parent directories): .git
2024-01-31 01:57:50.637 [info] > git rev-parse --show-toplevel [1ms]
2024-01-31 01:57:50.637 [info] fatal: not a git repository (or any of the parent directories): .git
2024-01-31 01:57:57.644 [info] > git rev-parse --show-toplevel [1ms]
2024-01-31 01:57:57.644 [info] fatal: not a git repository (or any of the parent directories): .git
2024-01-31 01:59:48.744 [info] > git rev-parse --show-toplevel [1ms]
2024-01-31 01:59:48.744 [info] fatal: not a git repository (or any of the parent directories): .git
2024-01-31 02:00:08.496 [info] > git rev-parse --show-toplevel [2ms]
2024-01-31 02:00:08.496 [info] fatal: not a git repository (or any of the parent directories): .git
2024-01-31 02:00:41.339 [info] > git rev-parse --show-toplevel [1ms]
2024-01-31 02:00:41.339 [info] fatal: not a git repository (or any of the parent directories): .git
2024-01-31 02:01:17.295 [info] > git rev-parse --show-toplevel [1ms]
2024-01-31 02:01:17.295 [info] fatal: not a git repository (or any of the parent directories): .git
2024-01-31 02:01:23.501 [info] > git rev-parse --show-toplevel [1ms]
2024-01-31 02:01:23.501 [info] fatal: not a git repository (or any of the parent directories): .git
2024-01-31 02:01:30.392 [info] > git rev-parse --show-toplevel [2ms]
2024-01-31 02:01:30.392 [info] fatal: not a git repository (or any of the parent directories): .git
2024-01-31 02:01:36.660 [info] > git rev-parse --show-toplevel [1ms]
2024-01-31 02:01:36.660 [info] fatal: not a git repository (or any of the parent directories): .git
2024-01-31 02:02:09.103 [info] > git rev-parse --show-toplevel [2ms]
2024-01-31 02:02:09.103 [info] fatal: not a git repository (or any of the parent directories): .git
2024-01-31 02:03:25.544 [info] > git rev-parse --show-toplevel [1ms]
2024-01-31 02:03:25.544 [info] fatal: not a git repository (or any of the parent directories): .git
2024-01-31 02:03:34.590 [info] > git rev-parse --show-toplevel [1ms]
2024-01-31 02:03:34.590 [info] fatal: not a git repository (or any of the parent directories): .git
2024-01-31 02:06:07.094 [info] > git rev-parse --show-toplevel [1ms]
2024-01-31 02:06:07.095 [info] fatal: not a git repository (or any of the parent directories): .git
2024-01-31 02:06:29.844 [info] > git rev-parse --show-toplevel [1ms]
2024-01-31 02:06:29.844 [info] fatal: not a git repository (or any of the parent directories): .git
2024-01-31 02:06:43.414 [info] > git rev-parse --show-toplevel [2ms]
2024-01-31 02:06:43.414 [info] fatal: not a git repository (or any of the parent directories): .git
2024-01-31 02:06:50.562 [info] > git rev-parse --show-toplevel [1ms]
2024-01-31 02:06:50.562 [info] fatal: not a git repository (or any of the parent directories): .git
2024-01-31 02:07:01.614 [info] > git rev-parse --show-toplevel [1ms]
2024-01-31 02:07:01.614 [info] fatal: not a git repository (or any of the parent directories): .git
2024-01-31 02:07:09.069 [info] > git rev-parse --show-toplevel [2ms]
2024-01-31 02:07:09.069 [info] fatal: not a git repository (or any of the parent directories): .git
2024-01-31 02:07:29.908 [info] > git rev-parse --show-toplevel [2ms]
2024-01-31 02:07:29.908 [info] fatal: not a git repository (or any of the parent directories): .git
2024-01-31 02:08:30.734 [info] > git rev-parse --show-toplevel [1ms]
2024-01-31 02:08:30.735 [info] fatal: not a git repository (or any of the parent directories): .git
2024-01-31 02:08:35.027 [info] > git rev-parse --show-toplevel [1ms]
2024-01-31 02:08:35.027 [info] fatal: not a git repository (or any of the parent directories): .git
2024-01-31 02:08:43.256 [info] > git rev-parse --show-toplevel [1ms]
2024-01-31 02:08:43.256 [info] fatal: not a git repository (or any of the parent directories): .git
2024-01-31 02:08:53.961 [info] > git rev-parse --show-toplevel [1ms]
2024-01-31 02:08:53.961 [info] fatal: not a git repository (or any of the parent directories): .git
2024-01-31 02:09:01.033 [info] > git rev-parse --show-toplevel [2ms]
2024-01-31 02:09:01.033 [info] fatal: not a git repository (or any of the parent directories): .git
2024-01-31 02:11:21.178 [info] > git rev-parse --show-toplevel [1ms]
2024-01-31 02:11:21.178 [info] fatal: not a git repository (or any of the parent directories): .git
2024-01-31 02:11:29.549 [info] > git rev-parse --show-toplevel [1ms]
2024-01-31 02:11:29.549 [info] fatal: not a git repository (or any of the parent directories): .git
2024-01-31 02:16:55.774 [info] > git rev-parse --show-toplevel [1ms]
2024-01-31 02:16:55.774 [info] fatal: not a git repository (or any of the parent directories): .git
2024-01-31 02:17:01.785 [info] > git rev-parse --show-toplevel [1ms]
2024-01-31 02:17:01.785 [info] fatal: not a git repository (or any of the parent directories): .git
2024-01-31 02:24:21.424 [info] > git rev-parse --show-toplevel [1ms]
2024-01-31 02:24:21.424 [info] fatal: not a git repository (or any of the parent directories): .git
2024-01-31 02:24:39.591 [info] > git rev-parse --show-toplevel [1ms]
2024-01-31 02:24:39.591 [info] fatal: not a git repository (or any of the parent directories): .git
2024-01-31 02:25:57.706 [info] > git rev-parse --show-toplevel [1ms]
2024-01-31 02:25:57.706 [info] fatal: not a git repository (or any of the parent directories): .git
2024-01-31 02:29:37.542 [info] > git rev-parse --show-toplevel [1ms]
2024-01-31 02:29:37.542 [info] fatal: not a git repository (or any of the parent directories): .git
2024-01-31 02:30:00.332 [info] > git rev-parse --show-toplevel [1ms]
2024-01-31 02:30:00.332 [info] fatal: not a git repository (or any of the parent directories): .git
2024-01-31 02:30:19.214 [info] > git rev-parse --show-toplevel [1ms]
2024-01-31 02:30:19.214 [info] fatal: not a git repository (or any of the parent directories): .git
2024-01-31 02:32:28.670 [info] > git rev-parse --show-toplevel [1ms]
2024-01-31 02:32:28.670 [info] fatal: not a git repository (or any of the parent directories): .git
2024-01-31 02:37:16.835 [info] > git rev-parse --show-toplevel [1ms]
2024-01-31 02:37:16.835 [info] fatal: not a git repository (or any of the parent directories): .git
2024-01-31 02:46:02.038 [info] > git rev-parse --show-toplevel [1ms]
2024-01-31 02:46:02.038 [info] fatal: not a git repository (or any of the parent directories): .git
2024-01-31 03:00:15.055 [info] > git rev-parse --show-toplevel [1ms]
2024-01-31 03:00:15.055 [info] fatal: not a git repository (or any of the parent directories): .git
2024-01-31 03:36:07.823 [info] > git rev-parse --show-toplevel [1ms]
2024-01-31 03:36:07.823 [info] fatal: not a git repository (or any of the parent directories): .git
2024-01-31 03:43:10.793 [info] > git rev-parse --show-toplevel [1ms]
2024-01-31 03:43:10.793 [info] fatal: not a git repository (or any of the parent directories): .git
2024-01-31 03:58:29.612 [info] > git rev-parse --show-toplevel [1ms]
2024-01-31 03:58:29.612 [info] fatal: not a git repository (or any of the parent directories): .git
2024-01-31 04:02:29.280 [info] > git rev-parse --show-toplevel [2ms]
2024-01-31 04:02:29.280 [info] fatal: not a git repository (or any of the parent directories): .git
2024-01-31 04:02:39.911 [info] > git rev-parse --show-toplevel [1ms]
2024-01-31 04:02:39.911 [info] fatal: not a git repository (or any of the parent directories): .git
