2024-01-31 00:16:40.250 [info] Log level: Info
2024-01-31 00:16:40.250 [info] Validating found git in: "git"
2024-01-31 00:16:40.250 [info] Using git "2.34.1" from "git"
2024-01-31 00:16:40.250 [info] > git rev-parse --show-toplevel [3ms]
2024-01-31 00:16:40.250 [info] fatal: not a git repository (or any of the parent directories): .git
2024-01-31 00:16:40.250 [info] > git rev-parse --show-toplevel [3ms]
2024-01-31 00:16:40.250 [info] fatal: not a git repository (or any of the parent directories): .git
2024-01-31 00:16:40.250 [info] > git rev-parse --show-toplevel [3ms]
2024-01-31 00:16:40.250 [info] fatal: not a git repository (or any of the parent directories): .git
2024-01-31 01:36:50.629 [info] > git rev-parse --show-toplevel [1ms]
2024-01-31 01:36:50.629 [info] fatal: not a git repository (or any of the parent directories): .git
2024-01-31 01:36:50.653 [info] > git rev-parse --show-toplevel [1ms]
2024-01-31 01:36:50.653 [info] fatal: not a git repository (or any of the parent directories): .git
2024-01-31 01:47:51.960 [info] > git rev-parse --show-toplevel [2ms]
2024-01-31 01:47:51.966 [info] > git rev-parse --git-dir --git-common-dir [1ms]
2024-01-31 01:47:51.979 [info] Open repository: /home/s3yannick/project
2024-01-31 01:47:51.993 [info] > git config --get commit.template [8ms]
2024-01-31 01:47:51.994 [info] > git for-each-ref --format=%(refname)%00%(upstream:short)%00%(objectname)%00%(upstream:track)%00%(upstream:remotename)%00%(upstream:remoteref) refs/heads/s3yannick refs/remotes/s3yannick [2ms]
2024-01-31 01:47:52.011 [info] > git status -z -uall [12ms]
2024-01-31 01:47:52.037 [info] > git config --get commit.template [8ms]
2024-01-31 01:47:52.038 [info] > git for-each-ref --format=%(refname)%00%(upstream:short)%00%(objectname)%00%(upstream:track)%00%(upstream:remotename)%00%(upstream:remoteref) refs/heads/s3yannick refs/remotes/s3yannick [2ms]
2024-01-31 01:47:52.046 [info] > git status -z -uall [3ms]
2024-01-31 01:47:52.627 [info] > git check-ignore -v -z --stdin [1ms]
2024-01-31 01:47:54.854 [info] > git show --textconv :shop-web/pdb.yaml [7ms]
2024-01-31 01:47:54.855 [info] > git ls-files --stage -- /home/s3yannick/project/shop-web/pdb.yaml [2ms]
2024-01-31 01:47:54.861 [info] > git cat-file -s 9bf17d17270c16b88a820730023646e3d128632e [1ms]
2024-01-31 01:48:22.019 [info] > git show --textconv :shop-web/pdb.yaml [6ms]
2024-01-31 01:48:22.020 [info] > git ls-files --stage -- /home/s3yannick/project/shop-web/pdb.yaml [2ms]
2024-01-31 01:48:22.026 [info] > git cat-file -s 9bf17d17270c16b88a820730023646e3d128632e [1ms]
2024-01-31 01:48:26.425 [info] > git show --textconv :shop-web/pdb.yaml [6ms]
2024-01-31 01:48:26.426 [info] > git ls-files --stage -- /home/s3yannick/project/shop-web/pdb.yaml [2ms]
2024-01-31 01:48:26.432 [info] > git cat-file -s 9bf17d17270c16b88a820730023646e3d128632e [2ms]
2024-01-31 01:49:08.147 [info] > git check-ignore -v -z --stdin [1ms]
2024-01-31 02:46:05.224 [warning] Failed to get repository realpath for: "/home/s3yannick/espresso-shop-web". Error: ENOENT: no such file or directory, realpath '/home/s3yannick/espresso-shop-web'
2024-01-31 03:00:09.875 [warning] Failed to get repository realpath for: "/home/s3yannick/espresso-shop-web". Error: ENOENT: no such file or directory, realpath '/home/s3yannick/espresso-shop-web'
